...............................................................
...............................................................
...............................................................
...............................................................
...............................................................
/gpfs/gpfs0/project/bii_dsc_community/rtg5xkh/ENV377/bin/python
/apps/software/standard/core/gcc/9.2.0/bin/gcc
/apps/software/standard/core/gcc/9.2.0/bin/g++
...............................................................
Architecture:          x86_64
CPU op-mode(s):        32-bit, 64-bit
Byte Order:            Little Endian
CPU(s):                40
On-line CPU(s) list:   0-39
Thread(s) per core:    1
Core(s) per socket:    20
Socket(s):             2
NUMA node(s):          2
Vendor ID:             GenuineIntel
CPU family:            6
Model:                 85
Model name:            Intel(R) Xeon(R) Gold 6148 CPU @ 2.40GHz
Stepping:              4
CPU MHz:               2400.000
BogoMIPS:              4800.00
Virtualization:        VT-x
L1d cache:             32K
L1i cache:             32K
L2 cache:              1024K
L3 cache:              28160K
NUMA node0 CPU(s):     0,2,4,6,8,10,12,14,16,18,20,22,24,26,28,30,32,34,36,38
NUMA node1 CPU(s):     1,3,5,7,9,11,13,15,17,19,21,23,25,27,29,31,33,35,37,39
Flags:                 fpu vme de pse tsc msr pae mce cx8 apic sep mtrr pge mca cmov pat pse36 clflush dts acpi mmx fxsr sse sse2 ss ht tm pbe syscall nx pdpe1gb rdtscp lm constant_tsc art arch_perfmon pebs bts rep_good nopl xtopology nonstop_tsc aperfmperf eagerfpu pni pclmulqdq dtes64 monitor ds_cpl vmx smx est tm2 ssse3 sdbg fma cx16 xtpr pdcm pcid dca sse4_1 sse4_2 x2apic movbe popcnt tsc_deadline_timer aes xsave avx f16c rdrand lahf_lm abm 3dnowprefetch epb cat_l3 cdp_l3 invpcid_single intel_ppin intel_pt ssbd mba ibrs ibpb stibp tpr_shadow vnmi flexpriority ept vpid fsgsbase tsc_adjust bmi1 hle avx2 smep bmi2 erms invpcid rtm cqm mpx rdt_a avx512f avx512dq rdseed adx smap clflushopt clwb avx512cd avx512bw avx512vl xsaveopt xsavec xgetbv1 cqm_llc cqm_occup_llc cqm_mbm_total cqm_mbm_local dtherm ida arat pln pts pku ospke md_clear spec_ctrl intel_stibp
...............................................................
Task#  1
###  s 74 13513 1000000 0 0.21102764799788193 999962
###  s 74 13513 1000000 1 0.0059348344802856445 999962
###  s 74 13513 1000000 2 0.005719568278338458 999962
###  s 74 13513 1000000 3 0.005553609616047627 999962
###  s 74 13513 1000000 4 0.005532361365653373 999962
###  s 74 13513 1000000 5 0.0054937762183112065 999962
###  s 74 13513 1000000 6 0.005513374869887893 999962
###  s 74 13513 1000000 7 0.005468426523981868 999962
###  s 74 13513 1000000 8 0.005454575693285143 999962
###  s 74 13513 1000000 9 0.005438002380164894 999962

+---------------------------------+--------------------------------------------+
| Attribute                       | Value                                      |
|---------------------------------+--------------------------------------------|
| ANSI_COLOR                      | "0;31"                                     |
| BUG_REPORT_URL                  | "https://bugs.centos.org/"                 |
| CENTOS_MANTISBT_PROJECT         | "CentOS-7"                                 |
| CENTOS_MANTISBT_PROJECT_VERSION | "7"                                        |
| CPE_NAME                        | "cpe:/o:centos:centos:7"                   |
| HOME_URL                        | "https://www.centos.org/"                  |
| ID                              | "centos"                                   |
| ID_LIKE                         | "rhel fedora"                              |
| NAME                            | "CentOS Linux"                             |
| PRETTY_NAME                     | "CentOS Linux 7 (Core)"                    |
| REDHAT_SUPPORT_PRODUCT          | "centos"                                   |
| REDHAT_SUPPORT_PRODUCT_VERSION  | "7"                                        |
| VERSION                         | "7 (Core)"                                 |
| VERSION_ID                      | "7"                                        |
| cpu                             | Intel(R) Xeon(R) Gold 6148 CPU @ 2.40GHz   |
| cpu_cores                       | 40                                         |
| cpu_count                       | 40                                         |
| cpu_threads                     | 40                                         |
| date                            | 2023-09-24 19:57:28.303077                 |
| frequency                       | scpufreq(current=2400.0, min=0.0, max=0.0) |
| mem.active                      | 11.9 GiB                                   |
| mem.available                   | 335.7 GiB                                  |
| mem.free                        | 326.4 GiB                                  |
| mem.inactive                    | 9.2 GiB                                    |
| mem.percent                     | 10.9 %                                     |
| mem.total                       | 376.6 GiB                                  |
| mem.used                        | 33.6 GiB                                   |
| platform.version                | #1 SMP Wed Feb 23 16:47:03 UTC 2022        |
| python                          | 3.7.7 (default, Apr 14 2020, 15:24:48)     |
|                                 | [GCC 9.2.0]                                |
| python.pip                      | 23.2.1                                     |
| python.version                  | 3.7.7                                      |
| sys.platform                    | linux                                      |
| uname.machine                   | x86_64                                     |
| uname.node                      | udc-aj37-15c1                              |
| uname.processor                 | x86_64                                     |
| uname.release                   | 3.10.0-1160.59.1.el7.x86_64                |
| uname.system                    | Linux                                      |
| uname.version                   | #1 SMP Wed Feb 23 16:47:03 UTC 2022        |
| user                            | rtg5xkh                                    |
+---------------------------------+--------------------------------------------+

+-------------------------------+----------+--------+-------+---------------------+------------------------------------------------------------------------------------------+-------+---------------+---------+-------+-------------------------------------+
| Name                          | Status   |   Time |   Sum | Start               | tag                                                                                      | msg   | Node          | User    | OS    | Version                             |
|-------------------------------+----------+--------+-------+---------------------+------------------------------------------------------------------------------------------+-------+---------------+---------+-------+-------------------------------------|
| sort_total_rivanna_1000000_10 | ok       |  0.322 | 0.322 | 2023-09-24 19:57:27 | {'rows': 1000000, 'it': 10, 'unique': 0.9, 'scaling': 's', 'host': 'rivanna', 'task': 1} |       | udc-aj37-15c1 | rtg5xkh | Linux | #1 SMP Wed Feb 23 16:47:03 UTC 2022 |
| sort_0_rivanna_1000000_10     | ok       |  0.216 | 0.216 | 2023-09-24 19:57:28 | {'rows': 1000000, 'it': 10, 'unique': 0.9, 'scaling': 's', 'host': 'rivanna', 'task': 1} |       | udc-aj37-15c1 | rtg5xkh | Linux | #1 SMP Wed Feb 23 16:47:03 UTC 2022 |
| sort_1_rivanna_1000000_10     | ok       |  0.006 | 0.006 | 2023-09-24 19:57:28 | {'rows': 1000000, 'it': 10, 'unique': 0.9, 'scaling': 's', 'host': 'rivanna', 'task': 1} |       | udc-aj37-15c1 | rtg5xkh | Linux | #1 SMP Wed Feb 23 16:47:03 UTC 2022 |
| sort_2_rivanna_1000000_10     | ok       |  0.006 | 0.006 | 2023-09-24 19:57:28 | {'rows': 1000000, 'it': 10, 'unique': 0.9, 'scaling': 's', 'host': 'rivanna', 'task': 1} |       | udc-aj37-15c1 | rtg5xkh | Linux | #1 SMP Wed Feb 23 16:47:03 UTC 2022 |
| sort_3_rivanna_1000000_10     | ok       |  0.006 | 0.006 | 2023-09-24 19:57:28 | {'rows': 1000000, 'it': 10, 'unique': 0.9, 'scaling': 's', 'host': 'rivanna', 'task': 1} |       | udc-aj37-15c1 | rtg5xkh | Linux | #1 SMP Wed Feb 23 16:47:03 UTC 2022 |
| sort_4_rivanna_1000000_10     | ok       |  0.006 | 0.006 | 2023-09-24 19:57:28 | {'rows': 1000000, 'it': 10, 'unique': 0.9, 'scaling': 's', 'host': 'rivanna', 'task': 1} |       | udc-aj37-15c1 | rtg5xkh | Linux | #1 SMP Wed Feb 23 16:47:03 UTC 2022 |
| sort_5_rivanna_1000000_10     | ok       |  0.006 | 0.006 | 2023-09-24 19:57:28 | {'rows': 1000000, 'it': 10, 'unique': 0.9, 'scaling': 's', 'host': 'rivanna', 'task': 1} |       | udc-aj37-15c1 | rtg5xkh | Linux | #1 SMP Wed Feb 23 16:47:03 UTC 2022 |
| sort_6_rivanna_1000000_10     | ok       |  0.006 | 0.006 | 2023-09-24 19:57:28 | {'rows': 1000000, 'it': 10, 'unique': 0.9, 'scaling': 's', 'host': 'rivanna', 'task': 1} |       | udc-aj37-15c1 | rtg5xkh | Linux | #1 SMP Wed Feb 23 16:47:03 UTC 2022 |
| sort_7_rivanna_1000000_10     | ok       |  0.006 | 0.006 | 2023-09-24 19:57:28 | {'rows': 1000000, 'it': 10, 'unique': 0.9, 'scaling': 's', 'host': 'rivanna', 'task': 1} |       | udc-aj37-15c1 | rtg5xkh | Linux | #1 SMP Wed Feb 23 16:47:03 UTC 2022 |
| sort_8_rivanna_1000000_10     | ok       |  0.006 | 0.006 | 2023-09-24 19:57:28 | {'rows': 1000000, 'it': 10, 'unique': 0.9, 'scaling': 's', 'host': 'rivanna', 'task': 1} |       | udc-aj37-15c1 | rtg5xkh | Linux | #1 SMP Wed Feb 23 16:47:03 UTC 2022 |
| sort_9_rivanna_1000000_10     | ok       |  0.006 | 0.006 | 2023-09-24 19:57:28 | {'rows': 1000000, 'it': 10, 'unique': 0.9, 'scaling': 's', 'host': 'rivanna', 'task': 1} |       | udc-aj37-15c1 | rtg5xkh | Linux | #1 SMP Wed Feb 23 16:47:03 UTC 2022 |
+-------------------------------+----------+--------+-------+---------------------+------------------------------------------------------------------------------------------+-------+---------------+---------+-------+-------------------------------------+
# csv,timer,status,time,sum,start,tag,msg,uname.node,user,uname.system,platform.version
# csv,sort_total_rivanna_1000000_10,ok,0.322,0.322,2023-09-24 19:57:27,{'rows': 1000000, 'it': 10, 'unique': 0.9, 'scaling': 's', 'host': 'rivanna', 'task': 1},None,udc-aj37-15c1,rtg5xkh,Linux,#1 SMP Wed Feb 23 16:47:03 UTC 2022
# csv,sort_0_rivanna_1000000_10,ok,0.216,0.216,2023-09-24 19:57:28,{'rows': 1000000, 'it': 10, 'unique': 0.9, 'scaling': 's', 'host': 'rivanna', 'task': 1},None,udc-aj37-15c1,rtg5xkh,Linux,#1 SMP Wed Feb 23 16:47:03 UTC 2022
# csv,sort_1_rivanna_1000000_10,ok,0.006,0.006,2023-09-24 19:57:28,{'rows': 1000000, 'it': 10, 'unique': 0.9, 'scaling': 's', 'host': 'rivanna', 'task': 1},None,udc-aj37-15c1,rtg5xkh,Linux,#1 SMP Wed Feb 23 16:47:03 UTC 2022
# csv,sort_2_rivanna_1000000_10,ok,0.006,0.006,2023-09-24 19:57:28,{'rows': 1000000, 'it': 10, 'unique': 0.9, 'scaling': 's', 'host': 'rivanna', 'task': 1},None,udc-aj37-15c1,rtg5xkh,Linux,#1 SMP Wed Feb 23 16:47:03 UTC 2022
# csv,sort_3_rivanna_1000000_10,ok,0.006,0.006,2023-09-24 19:57:28,{'rows': 1000000, 'it': 10, 'unique': 0.9, 'scaling': 's', 'host': 'rivanna', 'task': 1},None,udc-aj37-15c1,rtg5xkh,Linux,#1 SMP Wed Feb 23 16:47:03 UTC 2022
# csv,sort_4_rivanna_1000000_10,ok,0.006,0.006,2023-09-24 19:57:28,{'rows': 1000000, 'it': 10, 'unique': 0.9, 'scaling': 's', 'host': 'rivanna', 'task': 1},None,udc-aj37-15c1,rtg5xkh,Linux,#1 SMP Wed Feb 23 16:47:03 UTC 2022
# csv,sort_5_rivanna_1000000_10,ok,0.006,0.006,2023-09-24 19:57:28,{'rows': 1000000, 'it': 10, 'unique': 0.9, 'scaling': 's', 'host': 'rivanna', 'task': 1},None,udc-aj37-15c1,rtg5xkh,Linux,#1 SMP Wed Feb 23 16:47:03 UTC 2022
# csv,sort_6_rivanna_1000000_10,ok,0.006,0.006,2023-09-24 19:57:28,{'rows': 1000000, 'it': 10, 'unique': 0.9, 'scaling': 's', 'host': 'rivanna', 'task': 1},None,udc-aj37-15c1,rtg5xkh,Linux,#1 SMP Wed Feb 23 16:47:03 UTC 2022
# csv,sort_7_rivanna_1000000_10,ok,0.006,0.006,2023-09-24 19:57:28,{'rows': 1000000, 'it': 10, 'unique': 0.9, 'scaling': 's', 'host': 'rivanna', 'task': 1},None,udc-aj37-15c1,rtg5xkh,Linux,#1 SMP Wed Feb 23 16:47:03 UTC 2022
# csv,sort_8_rivanna_1000000_10,ok,0.006,0.006,2023-09-24 19:57:28,{'rows': 1000000, 'it': 10, 'unique': 0.9, 'scaling': 's', 'host': 'rivanna', 'task': 1},None,udc-aj37-15c1,rtg5xkh,Linux,#1 SMP Wed Feb 23 16:47:03 UTC 2022
# csv,sort_9_rivanna_1000000_10,ok,0.006,0.006,2023-09-24 19:57:28,{'rows': 1000000, 'it': 10, 'unique': 0.9, 'scaling': 's', 'host': 'rivanna', 'task': 1},None,udc-aj37-15c1,rtg5xkh,Linux,#1 SMP Wed Feb 23 16:47:03 UTC 2022

        col0    col1
0      15324  412690
1      15324  669920
2      15324  407894
3      15325  351924
....................

12971  26992  367853
12972  26993  798445
12973  26995  293677
12974  26995  128093
12975  26996  728851

         col0    col1
0      473916  749474
1      473916  488917
2      473917  882497
3      473917  198550
.....................

12970  485577  824039
12971  485577  171504
12972  485579  368570
12973  485580   15735
12974  485581   95358

         col0    col1
0      631577  155239
1      631577  310823
2      631578  554148
3      631578  840998
.....................

13168  643433  826560
13169  643434  358615
13170  643435   73984
13171  643436   53853
13172  643437  765065

         col0    col1
0      268811  880021
1      268811  349552
2      268811  303247
3      268812  112724
.....................

12782  280172  704159
12783  280172  363869
12784  280173  673035
12785  280173  451253
12786  280173  289294

        col0    col1
0      75415  505980
1      75417  759371
2      75418  497669
3      75419  261685
....................

13115  87260  733857
13116  87260  391474
13117  87262  595956
13118  87263   80444
13119  87263  785552

         col0    col1
0      462000  608129
1      462000   89862
2      462000  679216
3      462002  570831
.....................

13164  473910  320518
13165  473911  387798
13166  473911  492735
13167  473912  469103
13168  473914  840628

         col0    col1
0      607442  425779
1      607443  488540
2      607444  743348
3      607445  780985
.....................

13200  619483  529031
13201  619483   88141
13202  619484  589783
13203  619485  270221
13204  619485  693687

         col0    col1
0      147757  215271
1      147757  530092
2      147757  588975
3      147759  509638
.....................

13243  159544  693918
13244  159544  859942
13245  159545  602729
13246  159545  888467
13247  159548  155726

         col0    col1
0      328961  153287
1      328961  628519
2      328962  145242
3      328962  536764
.....................

12930  340540  177276
12931  340540  202812
12932  340540  880183
12933  340542  260977
12934  340542  287543

         col0    col1
0      207768  621450
1      207768  348140
2      207768    9724
3      207769  685119
.....................

13339  219872  673520
13340  219873  874908
13341  219874  120782
13342  219874  502410
13343  219875  637503

         col0    col1
0      558629  265502
1      558629  160766
2      558631  631549
3      558632   10014
.....................

13320  570640   80789
13321  570642  242647
13322  570643  421293
13323  570644  627782
13324  570644  641123

         col0    col1
0      413470   37729
1      413470  719843
2      413471  557190
3      413471  774796
.....................

12982  425138  636449
12983  425138  602520
12984  425139  136660
12985  425140  886919
12986  425140   12974

         col0    col1
0      619488  719277
1      619489  150318
2      619490  740429
3      619491  526400
.....................

13373  631572  289911
13374  631575  881634
13375  631575  622173
13376  631575  715535
13377  631575  414794

         col0    col1
0      195842  794301
1      195842  350850
2      195843  529357
3      195844   30311
.....................

13318  207762  756011
13319  207763  279405
13320  207763  661695
13321  207764  413344
13322  207766  305717

         col0    col1
0      497908  171796
1      497908  855648
2      497908  666186
3      497909  633953
.....................

13288  509878  406477
13289  509879  292537
13290  509880  207688
13291  509882  478547
13292  509882  730295

         col0    col1
0      123755   75571
1      123755  315703
2      123755  397094
3      123756  367635
.....................

13303  135668  612622
13304  135669  157793
13305  135669  869780
13306  135670  526471
13307  135670  862510

         col0    col1
0      546517  494766
1      546517  899120
2      546518  895713
3      546518  209862
.....................

13316  558621  170258
13317  558621  341901
13318  558622  622350
13319  558622  430308
13320  558626  681769

         col0    col1
0      244171  117828
1      244171  877024
2      244172  784916
3      244172  780579
.....................

13101  256159  196168
13102  256160   28321
13103  256161  649471
13104  256162     230
13105  256162  143837

         col0    col1
0      509883   38068
1      509883  236645
2      509883  853560
3      509885  539854
.....................

13428  522070  277329
13429  522071  443351
13430  522071   78580
13431  522072  218259
13432  522073  106124

         col0    col1
0      219877  897053
1      219879  177588
2      219879  757010
3      219879  113693
.....................

13153  231580   10299
13154  231581  364466
13155  231582  234025
13156  231582  399985
13157  231582  774887

         col0    col1
0      583085  451883
1      583085  312437
2      583086  751723
3      583087  862756
.....................

13409  595122  364735
13410  595123  480521
13411  595123  289487
13412  595126   91303
13413  595126  423449

        col0    col1
0      26997  108630
1      26997  466556
2      26997  232372
3      26997  179874
....................

13267  38784  814901
13268  38784  151541
13269  38785  586579
13270  38786  215583
13271  38789  611882

         col0    col1
0      655721  411645
1      655722  408137
2      655723  737672
3      655723  798424
.....................

13368  667739  400306
13369  667740  622389
13370  667740  307847
13371  667742   90762
13372  667742  214528

         col0    col1
0      691880  576410
1      691880  755028
2      691881  255143
3      691881  106283
.....................

12963  703541  399023
12964  703542    6706
12965  703542  669277
12966  703546  743886
12967  703547  335549

         col0    col1
0       99734  152450
1       99735  784180
2       99735  238799
3       99736  234658
.....................

13352  111674  350241
13353  111674   40033
13354  111675  168464
13355  111675   25342
13356  111676   38977

         col0    col1
0      740651  259896
1      740651  459530
2      740651  299383
3      740652  692785
.....................

12928  752183  181861
12929  752185  559124
12930  752187  692521
12931  752187  292318
12932  752188  477234

         col0    col1
0      389348  158374
1      389348   72354
2      389348  484535
3      389349   49728
.....................

13197  401292  428374
13198  401293  212972
13199  401293  588215
13200  401293  738235
13201  401294  655474

         col0    col1
0      171538  248925
1      171538  530614
2      171540   51421
3      171540  567836
.....................

13434  183475  732405
13435  183477  343957
13436  183478  855823
13437  183481   32745
13438  183483  220259

         col0    col1
0      534513    7952
1      534513  748747
2      534513   22649
3      534514  669903
.....................

13383  546511  315642
13384  546512  370417
13385  546513    8139
13386  546513  893934
13387  546514  384434

         col0    col1
0      111677  182867
1      111677  179673
2      111679  316557
3      111679  258890
.....................

13425  123750  551872
13426  123750  165602
13427  123750  595000
13428  123751  364955
13429  123754  273701

         col0    col1
0      159551  644056
1      159551  814600
2      159552  778762
3      159552   73329
.....................

13427  171533  333676
13428  171533  749855
13429  171534  137086
13430  171535  183916
13431  171535  637409

         col0    col1
0      776364   10745
1      776364  218806
2      776364  286506
3      776366  277311
.....................

13010  787959  218551
13011  787960  361406
13012  787961  148590
13013  787961   32621
13014  787962  753941

        col0    col1
0      51155  677576
1      51155  805279
2      51156  712925
3      51159  545936
....................

13508  63253  761030
13509  63253  328120
13510  63254  857897
13511  63255  887919
13512  63255  510172

         col0    col1
0      135673  205653
1      135674  723899
2      135674  678001
3      135675  683641
.....................

13474  147750   64484
13475  147752  129235
13476  147755  438530
13477  147756  834134
13478  147756  207009

         col0    col1
0      643439  685032
1      643439  289205
2      643439  369939
3      643439  596569
.....................

13701  655718  238730
13702  655718  329666
13703  655720  274362
13704  655720  343826
13705  655720  591748

         col0    col1
0      305113  743810
1      305113  892381
2      305113  175629
3      305114  632149
.....................

13237  316936  606602
13238  316937  472832
13239  316938  893006
13240  316940  354745
13241  316940   22505

        col0    col1
0      63256  386750
1      63256  193486
2      63257  182923
3      63259  728812
....................

13556  75410  883812
13557  75411  596052
13558  75413   93478
13559  75414  467602
13560  75414  211902

         col0    col1
0      183485   46593
1      183487  186329
2      183490  238147
3      183493  663296
.....................

13646  195836   70411
13647  195837  517422
13648  195837  684909
13649  195837  704064
13650  195838  254619

         col0    col1
0      860920  538992
1      860921   29750
2      860921  759586
3      860922  608339
.....................

13201  872818  640879
13202  872819  493225
13203  872819  333535
13204  872820     639
13205  872820  544809

         col0    col1
0      449570  732388
1      449570  190176
2      449570  287734
3      449571  590268
.....................

13774  461995  677982
13775  461996  152665
13776  461997  638231
13777  461998   97110
13778  461998  807821

         col0    col1
0      570645  331437
1      570645  180845
2      570646  464088
3      570647  289935
.....................

13727  583076  826810
13728  583076  388445
13729  583079  397391
13730  583081  384483
13731  583083  463601

         col0    col1
0      595127  611576
1      595127  638466
2      595128  376212
3      595128  118610
.....................

13626  607434  107082
13627  607438  340234
13628  607439  145605
13629  607440  311036
13630  607441  650907

        col0    col1
0      38790   65019
1      38790  324535
2      38791  508089
3      38792  802539
....................

13831  51147  681400
13832  51151  100810
13833  51151  644005
13834  51151  412186
13835  51152  314928

         col0    col1
0      340544  506518
1      340544  474366
2      340544  657489
3      340547   11465
.....................

13345  352644  508519
13346  352645  665902
13347  352645   68647
13348  352646  136273
13349  352646  571156

         col0    col1
0      316941  396220
1      316941  466814
2      316941  792792
3      316942  850959
.....................

13499  328956  140505
13500  328956  224178
13501  328956  219347
13502  328956   23899
13503  328960   51907

         col0    col1
0      485584  105424
1      485587  574792
2      485589  194784
3      485589  390572
.....................

13661  497904  821901
13662  497905  329641
13663  497906  558656
13664  497906  103958
13665  497907  262961

         col0    col1
0      352648  147777
1      352649  336235
2      352649  113359
3      352649   55875
.....................

13431  364903  431672
13432  364904  613174
13433  364904  693509
13434  364906  407609
13435  364907  885987

         col0    col1
0      667743   73735
1      667743  250722
2      667745  824801
3      667747  856021
.....................

13295  679713  665118
13296  679716  685149
13297  679719  221717
13298  679719  507196
13299  679719  766141

         col0    col1
0      280174  469473
1      280174  258910
2      280176  636649
3      280176  729778
.....................

13434  292519  174624
13435  292519  469354
13436  292519  233563
13437  292520  304152
13438  292521  222165

         col0    col1
0      764472  727893
1      764473  145476
2      764473  405533
3      764473  299947
.....................

13214  776361  255312
13215  776362  618929
13216  776362  560785
13217  776363  107488
13218  776363  899479

         col0    col1
0      836665  757531
1      836665  780965
2      836665  760471
3      836665  790500
.....................

13357  848667  364525
13358  848668  105128
13359  848669  439968
13360  848669  351847
13361  848670  482297

         col0    col1
0      364910  435087
1      364910   98785
2      364910  293820
3      364911  493097
.....................

13436  377085  331374
13437  377085  403714
13438  377086  113126
13439  377087  391731
13440  377088  484608

         col0    col1
0      522074  237770
1      522075  173303
2      522075  493978
3      522075  445063
.....................

13721  534508  712604
13722  534510  568126
13723  534512  131611
13724  534512  726255
13725  534512   47836

         col0    col1
0      703549  288980
1      703549  664446
2      703549  146486
3      703550  523964
.....................

13320  715675  565219
13321  715676  504757
13322  715676  707923
13323  715676  610719
13324  715677  564889

         col0    col1
0      425141  337522
1      425141  752395
2      425141  457038
3      425141  852310
.....................

13471  437344   61881
13472  437345  867567
13473  437345  461132
13474  437346  814616
13475  437347  635767

         col0    col1
0      812557  724190
1      812557  370150
2      812558  629705
3      812559  701813
.....................

13393  824657  674337
13394  824658  349185
13395  824659  317803
13396  824659  693846
13397  824661  334805

         col0    col1
0      401295  548381
1      401295  665135
2      401296  619363
3      401299  382172
.....................

13564  413464  514839
13565  413465  672825
13566  413467  549184
13567  413467  458195
13568  413468  644338

         col0    col1
0      377091  231568
1      377092  478131
2      377094  692733
3      377096  303130
.....................

13710  389337  509748
13711  389339  281996
13712  389343  491076
13713  389347  617673
13714  389347  541142

         col0    col1
0      824662  754398
1      824662  899612
2      824663   35311
3      824664  187259
.....................

13223  836661  580020
13224  836662  739019
13225  836663  253154
13226  836664  389077
13227  836664  682841
         col0    col1
0      437348  667365
1      437348  781981
2      437350  237883
3      437351   12859
.....................

13713  449567  305743
13714  449567  357880
13715  449568  769122
13716  449569  127949
13717  449569  891928

         col0    col1
0      679720  530230
1      679720  128127
2      679720   24849
3      679721  168472
.....................

13470  691876  591621
13471  691877  632128
13472  691877  714363
13473  691877  118173
13474  691877  326850

         col0    col1
0      800319  562936
1      800320  268033
2      800321  312179
3      800321   71242
.....................

13637  812550  498600
13638  812550    3226
13639  812554  820283
13640  812554  590447
13641  812554  720735

         col0    col1
0      787963  337437
1      787963  344486
2      787963   36210
3      787964   98932
.....................

13647  800317  333733
13648  800318   49298
13649  800318  177980
13650  800318  538062
13651  800318  219754


         col0    col1
0      848671  204235
1      848673  479052
2      848673  652679
3      848673  147810
.....................

13602  860915  824373
13603  860915  533119
13604  860917   69342
13605  860918  134476
13606  860919   17006

         col0    col1
0      728280  777992
1      728280  744387
2      728281  680413
3      728281  144497
.....................

13676  740648  199970
13677  740648  779352
13678  740648  857645
13679  740649  853784
13680  740650  463960

         col0    col1
0      231584  154830
1      231585   47298
2      231586  142357
3      231586  486489
.....................

14001  244166  555966
14002  244166  630244
14003  244168  250105
14004  244168   98142
14005  244169  262272

         col0    col1
0      292522   20395
1      292523  647844
2      292523  490514
3      292523  222688
.....................

13948  305106  405923
13949  305106  572289
13950  305107  612600
13951  305110  777806
13952  305112  815520

         col0    col1
0      256163  457368
1      256163  641788
2      256163  677987
3      256164  754125
.....................

13955  268809  299223
13956  268809  443242
13957  268809  383529
13958  268810  600746
13959  268810  792886

         col0    col1
0      752191  390358
1      752192  129208
2      752193  555188
3      752193  543824
.....................

13821  764468  728928
13822  764469  350298
13823  764470  666599
13824  764471  459109
13825  764471  731031

        col0    col1
0      87264  208954
1      87265   44955
2      87265  409867
3      87266  267205
....................

13688  99729  657152
13689  99730   61842
13690  99733  482749
13691  99733  898596
13692  99733  518581

         col0    col1
0      872823  854886
1      872825  393051
2      872826  660988
3      872827  459484
.....................

13963  885232  481351
13964  885232  453463
13965  885234  897334
13966  885236  530870
13967  885236  743894

         col0    col1
0      715679  250150
1      715679  747571
2      715679  670072
3      715681  861558
.....................

13958  728276  415460
13959  728277  279594
13960  728277  810850
13961  728277  176279
13962  728279   90315

         col0    col1
0      885237  595735
1      885237  613831
2      885238  582465
3      885239  140936
.....................

16487  899996  476097
16488  899997  553937
16489  899997  254770
16490  899999  475074
16491  899999  750846

        col0    col1
0          0  158354
1          0  528952
2          0  393290
3          1  268136
....................

17044  15321  883111
17045  15322  612773
17046  15322  534249
17047  15322  270462
17048  15323  591847

...............................................................
